This is pdfTeX, Version 3.14159265-2.6-1.40.17 (MiKTeX 2.9) (preloaded format=pdflatex 2016.10.2)  28 NOV 2016 11:56
entering extended mode
**./template.tex
(template.tex
LaTeX2e <2016/03/31> patch level 3
Babel <3.9r> and hyphenation patterns for 75 language(s) loaded.
("C:\Program Files (x86)\MiKTeX 2.9\tex\latex\base\fix-cm.sty"
Package: fix-cm 2015/01/14 v1.1t fixes to LaTeX

("C:\Program Files (x86)\MiKTeX 2.9\tex\latex\base\ts1enc.def"
File: ts1enc.def 2001/06/05 v3.0e (jk/car/fm) Standard LaTeX file
)) (svjour3.cls
Document Class: svjour3 2007/05/08 v3.2 
LaTeX document class for Springer journals
Class Springer-SVJour3 Info: extra/valid Springer sub-package (-> *.clo) 
(Springer-SVJour3)           not found in option list of \documentclass
(Springer-SVJour3)           - autoactivating "global" style.
(svglov3.clo
File: svglov3.clo 2009/12/18 v3.2 style option for standardised journals

SVJour Class option: svglov3.clo for standardised journals
)
LaTeX Font Info:    Redeclaring math symbol \Gamma on input line 147.
LaTeX Font Info:    Redeclaring math symbol \Delta on input line 148.
LaTeX Font Info:    Redeclaring math symbol \Theta on input line 149.
LaTeX Font Info:    Redeclaring math symbol \Lambda on input line 150.
LaTeX Font Info:    Redeclaring math symbol \Xi on input line 151.
LaTeX Font Info:    Redeclaring math symbol \Pi on input line 152.
LaTeX Font Info:    Redeclaring math symbol \Sigma on input line 153.
LaTeX Font Info:    Redeclaring math symbol \Upsilon on input line 154.
LaTeX Font Info:    Redeclaring math symbol \Phi on input line 155.
LaTeX Font Info:    Redeclaring math symbol \Psi on input line 156.
LaTeX Font Info:    Redeclaring math symbol \Omega on input line 157.
\logodepth=\dimen102
\headerboxheight=\dimen103
\betweenumberspace=\dimen104
\aftertext=\dimen105
\headlineindent=\dimen106
\c@inst=\count79
\c@auth=\count80
\instindent=\dimen107
\authrun=\box26
\authorrunning=\toks14
\titrun=\box27
\titlerunning=\toks15
\combirun=\box28
\c@lastpage=\count81
\rubricwidth=\dimen108
\c@section=\count82
\c@subsection=\count83
\c@subsubsection=\count84
\c@paragraph=\count85
\c@subparagraph=\count86
\spthmsep=\dimen109
\c@theorem=\count87
\c@case=\count88
\c@conjecture=\count89
\c@corollary=\count90
\c@definition=\count91
\c@example=\count92
\c@exercise=\count93
\c@lemma=\count94
\c@note=\count95
\c@problem=\count96
\c@property=\count97
\c@proposition=\count98
\c@question=\count99
\c@solution=\count100
\c@remark=\count101
\c@figure=\count102
\c@table=\count103
\abovecaptionskip=\skip41
\belowcaptionskip=\skip42
\figcapgap=\dimen110
\tabcapgap=\dimen111
\figgap=\dimen112
\bibindent=\dimen113
\@tempcntc=\count104
) ("C:\Program Files (x86)\MiKTeX 2.9\tex\latex\graphics\graphicx.sty"
Package: graphicx 2014/10/28 v1.0g Enhanced LaTeX Graphics (DPC,SPQR)

("C:\Program Files (x86)\MiKTeX 2.9\tex\latex\graphics\keyval.sty"
Package: keyval 2014/10/28 v1.15 key=value parser (DPC)
\KV@toks@=\toks16
)
("C:\Program Files (x86)\MiKTeX 2.9\tex\latex\graphics\graphics.sty"
Package: graphics 2016/07/10 v1.0t Standard LaTeX Graphics (DPC,SPQR)

("C:\Program Files (x86)\MiKTeX 2.9\tex\latex\graphics\trig.sty"
Package: trig 2016/01/03 v1.10 sin cos tan (DPC)
)
("C:\Program Files (x86)\MiKTeX 2.9\tex\latex\00miktex\graphics.cfg"
File: graphics.cfg 2016/06/04 v1.11 sample graphics configuration
)
Package graphics Info: Driver file: pdftex.def on input line 99.

("C:\Program Files (x86)\MiKTeX 2.9\tex\latex\graphics-def\pdftex.def"
File: pdftex.def 2016/07/10 v0.06j Graphics/color for pdfTeX

("C:\Program Files (x86)\MiKTeX 2.9\tex\generic\oberdiek\infwarerr.sty"
Package: infwarerr 2016/05/16 v1.4 Providing info/warning/error messages (HO)
)
("C:\Program Files (x86)\MiKTeX 2.9\tex\generic\oberdiek\ltxcmds.sty"
Package: ltxcmds 2016/05/16 v1.23 LaTeX kernel commands for general use (HO)
)
\Gread@gobject=\count105
))
\Gin@req@height=\dimen114
\Gin@req@width=\dimen115
)
("C:\Program Files (x86)\MiKTeX 2.9\tex\latex\amsmath\amsmath.sty"
Package: amsmath 2016/06/28 v2.15d AMS math features
\@mathmargin=\skip43

For additional information on amsmath, use the `?' option.
("C:\Program Files (x86)\MiKTeX 2.9\tex\latex\amsmath\amstext.sty"
Package: amstext 2000/06/29 v2.01 AMS text

("C:\Program Files (x86)\MiKTeX 2.9\tex\latex\amsmath\amsgen.sty"
File: amsgen.sty 1999/11/30 v2.0 generic functions
\@emptytoks=\toks17
\ex@=\dimen116
))
("C:\Program Files (x86)\MiKTeX 2.9\tex\latex\amsmath\amsbsy.sty"
Package: amsbsy 1999/11/29 v1.2d Bold Symbols
\pmbraise@=\dimen117
)
("C:\Program Files (x86)\MiKTeX 2.9\tex\latex\amsmath\amsopn.sty"
Package: amsopn 2016/03/08 v2.02 operator names
)
\inf@bad=\count106
LaTeX Info: Redefining \frac on input line 199.
\uproot@=\count107
\leftroot@=\count108
LaTeX Info: Redefining \overline on input line 297.
\classnum@=\count109
\DOTSCASE@=\count110
LaTeX Info: Redefining \ldots on input line 394.
LaTeX Info: Redefining \dots on input line 397.
LaTeX Info: Redefining \cdots on input line 518.
\Mathstrutbox@=\box29
\strutbox@=\box30
\big@size=\dimen118
LaTeX Font Info:    Redeclaring font encoding OML on input line 634.
LaTeX Font Info:    Redeclaring font encoding OMS on input line 635.


Package amsmath Warning: Unable to redefine math accent \vec.

\macc@depth=\count111
\c@MaxMatrixCols=\count112
\dotsspace@=\muskip10
\c@parentequation=\count113
\dspbrk@lvl=\count114
\tag@help=\toks18
\row@=\count115
\column@=\count116
\maxfields@=\count117
\andhelp@=\toks19
\eqnshift@=\dimen119
\alignsep@=\dimen120
\tagshift@=\dimen121
\tagwidth@=\dimen122
\totwidth@=\dimen123
\lineht@=\dimen124
\@envbody=\toks20
\multlinegap=\skip44
\multlinetaggap=\skip45
\mathdisplay@stack=\toks21
LaTeX Info: Redefining \[ on input line 2739.
LaTeX Info: Redefining \] on input line 2740.
) ("C:\Program Files (x86)\MiKTeX 2.9\tex\latex\amscls\amsthm.sty"
Package: amsthm 2015/03/04 v2.20.2
\thm@style=\toks22
\thm@bodyfont=\toks23
\thm@headfont=\toks24
\thm@notefont=\toks25
\thm@headpunct=\toks26
\thm@preskip=\skip46
\thm@postskip=\skip47
\thm@headsep=\skip48
\dth@everypar=\toks27
LaTeX Info: Redefining \qed on input line 264.
)
(C:\Users\ssarka18\AppData\Roaming\MiKTeX\2.9\tex\latex\algorithms\algorithm.st
y
Package: algorithm 2009/08/24 v0.1 Document Style `algorithm' - floating enviro
nment
 ("C:\Program Files (x86)\MiKTeX 2.9\tex\latex\float\float.sty"
Package: float 2001/11/08 v1.3d Float enhancements (AL)
\c@float@type=\count118
\float@exts=\toks28
\float@box=\box31
\@float@everytoks=\toks29
\@floatcapt=\box32
)
("C:\Program Files (x86)\MiKTeX 2.9\tex\latex\base\ifthen.sty"
Package: ifthen 2014/09/29 v1.1c Standard LaTeX ifthen package (DPC)
)
\@float@every@algorithm=\toks30
\c@algorithm=\count119
)
(C:\Users\ssarka18\AppData\Roaming\MiKTeX\2.9\tex\latex\algorithmicx\algpseudoc
ode.sty
Package: algpseudocode 

(C:\Users\ssarka18\AppData\Roaming\MiKTeX\2.9\tex\latex\algorithmicx\algorithmi
cx.sty
Package: algorithmicx 2005/04/27 v1.2 Algorithmicx

Document Style algorithmicx 1.2 - a greatly improved `algorithmic' style
\c@ALG@line=\count120
\c@ALG@rem=\count121
\c@ALG@nested=\count122
\ALG@tlm=\skip49
\ALG@thistlm=\skip50
\c@ALG@Lnr=\count123
\c@ALG@blocknr=\count124
\c@ALG@storecount=\count125
\c@ALG@tmpcounter=\count126
\ALG@tmplength=\skip51
)
Document Style - pseudocode environments for use with the `algorithmicx' style
)
(C:\Users\ssarka18\AppData\Roaming\MiKTeX\2.9\tex\latex\caption\subcaption.sty
Package: subcaption 2016/05/22 v1.1-161 Sub-captions (AR)

(C:\Users\ssarka18\AppData\Roaming\MiKTeX\2.9\tex\latex\caption\caption.sty
Package: caption 2016/02/21 v3.3-144 Customizing captions (AR)

(C:\Users\ssarka18\AppData\Roaming\MiKTeX\2.9\tex\latex\caption\caption3.sty
Package: caption3 2016/05/22 v1.7-166 caption3 kernel (AR)
Package caption3 Info: TeX engine: e-TeX on input line 67.
\captionmargin=\dimen125
\captionmargin@=\dimen126
\captionwidth=\dimen127
\caption@tempdima=\dimen128
\caption@indent=\dimen129
\caption@parindent=\dimen130
\caption@hangindent=\dimen131
Package caption Info: Unknown document class (or package),
(caption)             standard defaults will be used.
)

Package caption Warning: Unsupported document class (or package) detected,
(caption)                usage of the caption package is not recommended.
See the caption package documentation for explanation.

Package caption Info: \@makecaption = \long macro:#1#2->\captionstyle \ifx \@ca
ptype \fig@type \vskip \figcapgap \fi \setbox \@tempboxa \hbox {{\floatlegendst
yle #1\floatcounterend }\capstrut #2}\ifdim \wd \@tempboxa >\hsize {\floatlegen
dstyle #1\floatcounterend }\capstrut #2\par \else \hbox to\hsize {\leftlegendgl
ue \unhbox \@tempboxa \hfil }\fi \ifx \@captype \fig@type \else \vskip \tabcapg
ap \fi .
\c@ContinuedFloat=\count127
Package caption Info: float package is loaded.
)
\c@subfigure=\count128
\c@subtable=\count129
) ("C:\Program Files (x86)\MiKTeX 2.9\tex\latex\amsfonts\amssymb.sty"
Package: amssymb 2013/01/14 v3.01 AMS font symbols

("C:\Program Files (x86)\MiKTeX 2.9\tex\latex\amsfonts\amsfonts.sty"
Package: amsfonts 2013/01/14 v3.01 Basic AMSFonts support
\symAMSa=\mathgroup4
\symAMSb=\mathgroup5
LaTeX Font Info:    Overwriting math alphabet `\mathfrak' in version `bold'
(Font)                  U/euf/m/n --> U/euf/b/n on input line 106.
))
("C:\Program Files (x86)\MiKTeX 2.9\tex\latex\oberdiek\grffile.sty"
Package: grffile 2016/05/16 v1.17 Extended file name support for graphics (HO)

("C:\Program Files (x86)\MiKTeX 2.9\tex\generic\oberdiek\ifpdf.sty"
Package: ifpdf 2016/05/14 v3.1 Provides the ifpdf switch
)
("C:\Program Files (x86)\MiKTeX 2.9\tex\generic\ifxetex\ifxetex.sty"
Package: ifxetex 2010/09/12 v0.6 Provides ifxetex conditional
)
("C:\Program Files (x86)\MiKTeX 2.9\tex\latex\oberdiek\kvoptions.sty"
Package: kvoptions 2016/05/16 v3.12 Key value format for package options (HO)

("C:\Program Files (x86)\MiKTeX 2.9\tex\generic\oberdiek\kvsetkeys.sty"
Package: kvsetkeys 2016/05/16 v1.17 Key value parser (HO)

("C:\Program Files (x86)\MiKTeX 2.9\tex\generic\oberdiek\etexcmds.sty"
Package: etexcmds 2016/05/16 v1.6 Avoid name clashes with e-TeX commands (HO)

("C:\Program Files (x86)\MiKTeX 2.9\tex\generic\oberdiek\ifluatex.sty"
Package: ifluatex 2016/05/16 v1.4 Provides the ifluatex switch (HO)
Package ifluatex Info: LuaTeX not detected.
)
Package etexcmds Info: Could not find \expanded.
(etexcmds)             That can mean that you are not using pdfTeX 1.50 or
(etexcmds)             that some package has redefined \expanded.
(etexcmds)             In the latter case, load this package earlier.
)))
("C:\Program Files (x86)\MiKTeX 2.9\tex\generic\oberdiek\pdftexcmds.sty"
Package: pdftexcmds 2016/05/21 v0.22 Utility functions of pdfTeX for LuaTeX (HO
)
Package pdftexcmds Info: LuaTeX not detected.
Package pdftexcmds Info: \pdf@primitive is available.
Package pdftexcmds Info: \pdf@ifprimitive is available.
Package pdftexcmds Info: \pdfdraftmode found.
)
Package grffile Info: Option `multidot' is set to `true'.
Package grffile Info: Option `extendedchars' is set to `false'.
Package grffile Info: Option `space' is set to `true'.
Package grffile Info: \Gin@ii of package `graphicx' fixed on input line 486.
)
(C:\Users\ssarka18\AppData\Roaming\MiKTeX\2.9\tex\latex\xcolor\xcolor.sty
Package: xcolor 2016/05/11 v2.12 LaTeX color extensions (UK)

("C:\Program Files (x86)\MiKTeX 2.9\tex\latex\00miktex\color.cfg"
File: color.cfg 2016/01/02 v1.6 sample color configuration
)
Package xcolor Info: Driver file: pdftex.def on input line 225.

(C:\Users\ssarka18\AppData\Roaming\MiKTeX\2.9\tex\latex\colortbl\colortbl.sty
Package: colortbl 2012/02/13 v1.0a Color table columns (DPC)

("C:\Program Files (x86)\MiKTeX 2.9\tex\latex\tools\array.sty"
Package: array 2014/10/28 v2.4c Tabular extension package (FMi)
\col@sep=\dimen132
\extrarowheight=\dimen133
\NC@list=\toks31
\extratabsurround=\skip52
\backup@length=\skip53
)
\everycr=\toks32
\minrowclearance=\skip54
)
\rownum=\count130
Package xcolor Info: Model `cmy' substituted by `cmy0' on input line 1348.
Package xcolor Info: Model `hsb' substituted by `rgb' on input line 1352.
Package xcolor Info: Model `RGB' extended on input line 1364.
Package xcolor Info: Model `HTML' substituted by `rgb' on input line 1366.
Package xcolor Info: Model `Hsb' substituted by `hsb' on input line 1367.
Package xcolor Info: Model `tHsb' substituted by `hsb' on input line 1368.
Package xcolor Info: Model `HSB' substituted by `hsb' on input line 1369.
Package xcolor Info: Model `Gray' substituted by `gray' on input line 1370.
Package xcolor Info: Model `wave' substituted by `hsb' on input line 1371.
)
(C:\Users\ssarka18\AppData\Roaming\MiKTeX\2.9\tex\latex\titlesec\titlesec.sty
Package: titlesec 2016/03/21 v2.10.2 Sectioning titles
\ttl@box=\box33
\beforetitleunit=\skip55
\aftertitleunit=\skip56
\ttl@plus=\dimen134
\ttl@minus=\dimen135
\ttl@toksa=\toks33
\titlewidth=\dimen136
\titlewidthlast=\dimen137
\titlewidthfirst=\dimen138
)
(template.aux

LaTeX Warning: Label `nelder' multiply defined.

)
\openout1 = `template.aux'.

LaTeX Font Info:    Checking defaults for OML/cmm/m/it on input line 51.
LaTeX Font Info:    ... okay on input line 51.
LaTeX Font Info:    Checking defaults for T1/cmr/m/n on input line 51.
LaTeX Font Info:    ... okay on input line 51.
LaTeX Font Info:    Checking defaults for OT1/cmr/m/n on input line 51.
LaTeX Font Info:    ... okay on input line 51.
LaTeX Font Info:    Checking defaults for OMS/cmsy/m/n on input line 51.
LaTeX Font Info:    ... okay on input line 51.
LaTeX Font Info:    Checking defaults for OMX/cmex/m/n on input line 51.
LaTeX Font Info:    ... okay on input line 51.
LaTeX Font Info:    Checking defaults for U/cmr/m/n on input line 51.
LaTeX Font Info:    ... okay on input line 51.
LaTeX Font Info:    Checking defaults for TS1/cmr/m/n on input line 51.
LaTeX Font Info:    ... okay on input line 51.

Unknown journal: specify \journalname{<name of your journal>} in preambel

(C:\Users\ssarka18\AppData\Roaming\MiKTeX\2.9\tex\context\base\supp-pdf.mkii
[Loading MPS to PDF converter (version 2006.09.02).]
\scratchcounter=\count131
\scratchdimen=\dimen139
\scratchbox=\box34
\nofMPsegments=\count132
\nofMParguments=\count133
\everyMPshowfont=\toks34
\MPscratchCnt=\count134
\MPscratchDim=\dimen140
\MPnumerator=\count135
\makeMPintoPDFobject=\count136
\everyMPtoPDFconversion=\toks35
) ("C:\Program Files (x86)\MiKTeX 2.9\tex\latex\oberdiek\epstopdf-base.sty"
Package: epstopdf-base 2016/05/15 v2.6 Base part for package epstopdf

("C:\Program Files (x86)\MiKTeX 2.9\tex\latex\oberdiek\grfext.sty"
Package: grfext 2016/05/16 v1.2 Manage graphics extensions (HO)

("C:\Program Files (x86)\MiKTeX 2.9\tex\generic\oberdiek\kvdefinekeys.sty"
Package: kvdefinekeys 2016/05/16 v1.4 Define keys (HO)
))
Package epstopdf-base Info: Redefining graphics rule for `.eps' on input line 4
38.
Package grfext Info: Graphics extension search list:
(grfext)             [.png,.pdf,.jpg,.mps,.jpeg,.jbig2,.jb2,.PNG,.PDF,.JPG,.JPE
G,.JBIG2,.JB2,.eps]
(grfext)             \AppendGraphicsExtensions on input line 456.
)
Package caption Info: Begin \AtBeginDocument code.
Package caption Info: Incompatible package detected (regarding \@caption).
(caption)             \@caption = \long macro:#1[#2]#3->\par \addcontentsline {
\csname ext@#1\endcsname }{#1}{\protect \numberline {\csname the#1\endcsname }{
\ignorespaces #2}}\begingroup \@parboxrestore \@makecaption {\csname fnum@#1\en
dcsname }{\ignorespaces #3}\par \endgroup .


Package caption Warning: Forced redefinition of \caption since the
(caption)                unsupported(!) package option `compatibility=false'
(caption)                was given.
See the caption package documentation for explanation.

Package caption Info: End \AtBeginDocument code.
SVJour3 warning: Missing \journalname
LaTeX Font Info:    Try loading font information for U+msa on input line 86.
("C:\Program Files (x86)\MiKTeX 2.9\tex\latex\amsfonts\umsa.fd"
File: umsa.fd 2013/01/14 v3.01 AMS symbols A
)
LaTeX Font Info:    Try loading font information for U+msb on input line 86.

("C:\Program Files (x86)\MiKTeX 2.9\tex\latex\amsfonts\umsb.fd"
File: umsb.fd 2013/01/14 v3.01 AMS symbols B
)

SVJour3 Warning: Title too long for running head.
Please supply a shorter form with \titlerunning prior to \maketitle

Underfull \vbox (badness 1484) has occurred while \output is active []

 [1{C:/Users/ssarka18/AppData/Local/MiKTeX/2.9/pdftex/config/pdftex.map}] [2]
Underfull \vbox (badness 2564) has occurred while \output is active []

 [3]
Overfull \hbox (28.63304pt too wide) in paragraph at lines 132--164
 [][] 
 []

[4] <Figures/Growth_curves/logistic.png, id=31, 640.3925pt x 356.33125pt>
File: Figures/Growth_curves/logistic.png Graphic file (type png)

<use Figures/Growth_curves/logistic.png>
Package pdftex.def Info: Figures/Growth_curves/logistic.png used on input line 
185.
(pdftex.def)             Requested size: 113.80971pt x 65.44177pt.

Overfull \hbox (29.30971pt too wide) in paragraph at lines 185--186
[][]
 []

<Figures/Growth_curves/type_II_fit.png, id=33, 1445.4pt x 867.24pt>
File: Figures/Growth_curves/type_II_fit.png Graphic file (type png)

<use Figures/Growth_curves/type_II_fit.png>
Package pdftex.def Info: Figures/Growth_curves/type_II_fit.png used on input li
ne 190.
(pdftex.def)             Requested size: 128.02927pt x 62.59209pt.

Underfull \hbox (badness 10000) in paragraph at lines 190--191
[][]
 []

<Figures/Growth_curves/type_III_a_fit.png, id=34, 1445.4pt x 867.24pt>
File: Figures/Growth_curves/type_III_a_fit.png Graphic file (type png)

<use Figures/Growth_curves/type_III_a_fit.png>
Package pdftex.def Info: Figures/Growth_curves/type_III_a_fit.png used on input
 line 197.
(pdftex.def)             Requested size: 128.02927pt x 62.59209pt.

Overfull \hbox (43.52927pt too wide) in paragraph at lines 197--198
[][]
 []

<Figures/Growth_curves/type_III_b_fit.png, id=35, 1445.4pt x 867.24pt>
File: Figures/Growth_curves/type_III_b_fit.png Graphic file (type png)

<use Figures/Growth_curves/type_III_b_fit.png>
Package pdftex.def Info: Figures/Growth_curves/type_III_b_fit.png used on input
 line 202.
(pdftex.def)             Requested size: 128.02927pt x 62.59209pt.

Underfull \hbox (badness 10000) in paragraph at lines 202--203
[][]
 []


Underfull \hbox (badness 10000) in paragraph at lines 218--219

 []

[5 <./Figures/Growth_curves/logistic.png> <./Figures/Growth_curves/type_II_fit.
png> <./Figures/Growth_curves/type_III_a_fit.png> <./Figures/Growth_curves/type
_III_b_fit.png>]

LaTeX Warning: No positions in optional float specifier.
               Default added (so using `tbp') on input line 222.

<Figures/hawkes/steps_hawkes_1.png, id=44, 3144.74875pt x 2978.12625pt>
File: Figures/hawkes/steps_hawkes_1.png Graphic file (type png)

<use Figures/hawkes/steps_hawkes_1.png>
Package pdftex.def Info: Figures/hawkes/steps_hawkes_1.png used on input line 2
23.
(pdftex.def)             Requested size: 398.323pt x 341.40942pt.

Overfull \hbox (60.323pt too wide) in paragraph at lines 223--224
[][] 
 []


LaTeX Warning: Float too large for page by 48.40547pt on input line 226.


Underfull \vbox (badness 2689) has occurred while \output is active []

 [6]
[7 <./Figures/hawkes/steps_hawkes_1.png>]
<Figures/network_evol.png, id=54, 2581.645pt x 950.55125pt>
File: Figures/network_evol.png Graphic file (type png)

<use Figures/network_evol.png>
Package pdftex.def Info: Figures/network_evol.png used on input line 251.
(pdftex.def)             Requested size: 284.49393pt x 99.5715pt.
 [8]
<Figures/forest.png, id=58, 2397.95876pt x 909.3975pt>
File: Figures/forest.png Graphic file (type png)

<use Figures/forest.png>
Package pdftex.def Info: Figures/forest.png used on input line 265.
(pdftex.def)             Requested size: 256.05582pt x 85.35294pt.

<Figures/diffusion_net.png, id=59, 1517.67pt x 601.24625pt>
File: Figures/diffusion_net.png Graphic file (type png)

<use Figures/diffusion_net.png>
Package pdftex.def Info: Figures/diffusion_net.png used on input line 274.
(pdftex.def)             Requested size: 170.69577pt x 71.12808pt.


LaTeX Warning: `!h' float specifier changed to `!ht'.


Underfull \hbox (badness 10000) in paragraph at lines 283--283
[]|\OT1/cmr/bx/n/8 Motif
 []


Overfull \hbox (2.35902pt too wide) in paragraph at lines 283--283
[]|\OT1/cmr/bx/n/8 Edges| 
 []


Underfull \hbox (badness 10000) in paragraph at lines 283--283
[]|\OT1/cmr/bx/n/8 Motif
 []


Overfull \hbox (2.35902pt too wide) in paragraph at lines 283--283
[]|\OT1/cmr/bx/n/8 Edges| 
 []

<Figures/motif_patterns/m4/M0.png, id=60, 210.7875pt x 246.9225pt>
File: Figures/motif_patterns/m4/M0.png Graphic file (type png)

<use Figures/motif_patterns/m4/M0.png>
Package pdftex.def Info: Figures/motif_patterns/m4/M0.png used on input line 28
5.
(pdftex.def)             Requested size: 36.13252pt x 36.1325pt.

Overfull \hbox (27.6324pt too wide) in paragraph at lines 285--285
[][] 
 []

<Figures/motif_patterns/m4/M3.png, id=61, 210.7875pt x 246.9225pt>
File: Figures/motif_patterns/m4/M3.png Graphic file (type png)

<use Figures/motif_patterns/m4/M3.png>
Package pdftex.def Info: Figures/motif_patterns/m4/M3.png used on input line 28
7.
(pdftex.def)             Requested size: 36.13252pt x 36.1325pt.

Overfull \hbox (27.6324pt too wide) in paragraph at lines 287--287
[][] 
 []

<Figures/motif_patterns/m4/M1.png, id=62, 210.7875pt x 246.9225pt>
File: Figures/motif_patterns/m4/M1.png Graphic file (type png)

<use Figures/motif_patterns/m4/M1.png>
Package pdftex.def Info: Figures/motif_patterns/m4/M1.png used on input line 29
1.
(pdftex.def)             Requested size: 36.13252pt x 36.1325pt.

Overfull \hbox (27.6324pt too wide) in paragraph at lines 291--291
[][] 
 []

<Figures/motif_patterns/m4/M4.png, id=63, 210.7875pt x 246.9225pt>
File: Figures/motif_patterns/m4/M4.png Graphic file (type png)

<use Figures/motif_patterns/m4/M4.png>
Package pdftex.def Info: Figures/motif_patterns/m4/M4.png used on input line 29
3.
(pdftex.def)             Requested size: 36.13252pt x 36.1325pt.

Overfull \hbox (27.6324pt too wide) in paragraph at lines 293--293
[][] 
 []

<Figures/motif_patterns/m4/M2.png, id=64, 210.7875pt x 246.9225pt>
File: Figures/motif_patterns/m4/M2.png Graphic file (type png)

<use Figures/motif_patterns/m4/M2.png>
Package pdftex.def Info: Figures/motif_patterns/m4/M2.png used on input line 29
7.
(pdftex.def)             Requested size: 36.13252pt x 36.1325pt.

Overfull \hbox (27.6324pt too wide) in paragraph at lines 297--297
[][] 
 []

<Figures/motif_patterns/m4/M5.png, id=65, 210.7875pt x 246.9225pt>
File: Figures/motif_patterns/m4/M5.png Graphic file (type png)

<use Figures/motif_patterns/m4/M5.png>
Package pdftex.def Info: Figures/motif_patterns/m4/M5.png used on input line 29
9.
(pdftex.def)             Requested size: 36.13252pt x 36.1325pt.

Overfull \hbox (27.6324pt too wide) in paragraph at lines 299--299
[][] 
 []


Overfull \hbox (57.50839pt too wide) in paragraph at lines 282--304
 [][] 
 []


Underfull \hbox (badness 10000) in paragraph at lines 310--310
[]|\OT1/cmr/bx/n/8 Motif
 []


Overfull \hbox (2.35902pt too wide) in paragraph at lines 310--310
[]|\OT1/cmr/bx/n/8 Edges| 
 []


Underfull \hbox (badness 10000) in paragraph at lines 310--310
[]|\OT1/cmr/bx/n/8 Motif
 []


Overfull \hbox (2.35902pt too wide) in paragraph at lines 310--310
[]|\OT1/cmr/bx/n/8 Edges| 
 []

<Figures/motif_patterns/M0.png, id=66, 210.7875pt x 246.9225pt>
File: Figures/motif_patterns/M0.png Graphic file (type png)

<use Figures/motif_patterns/M0.png>
Package pdftex.def Info: Figures/motif_patterns/M0.png used on input line 312.
(pdftex.def)             Requested size: 36.13252pt x 36.1325pt.

Overfull \hbox (27.6324pt too wide) in paragraph at lines 312--312
[][] 
 []

<Figures/motif_patterns/M10.png, id=67, 210.7875pt x 246.9225pt>
File: Figures/motif_patterns/M10.png Graphic file (type png)

<use Figures/motif_patterns/M10.png>
Package pdftex.def Info: Figures/motif_patterns/M10.png used on input line 314.

(pdftex.def)             Requested size: 36.13252pt x 36.1325pt.

Overfull \hbox (27.6324pt too wide) in paragraph at lines 314--314
[][] 
 []

<Figures/motif_patterns/M1.png, id=68, 210.7875pt x 246.9225pt>
File: Figures/motif_patterns/M1.png Graphic file (type png)

<use Figures/motif_patterns/M1.png>
Package pdftex.def Info: Figures/motif_patterns/M1.png used on input line 318.
(pdftex.def)             Requested size: 36.13252pt x 36.1325pt.

Overfull \hbox (27.6324pt too wide) in paragraph at lines 318--318
[][] 
 []

<Figures/motif_patterns/M11.png, id=69, 210.7875pt x 246.9225pt>
File: Figures/motif_patterns/M11.png Graphic file (type png)

<use Figures/motif_patterns/M11.png>
Package pdftex.def Info: Figures/motif_patterns/M11.png used on input line 320.

(pdftex.def)             Requested size: 36.13252pt x 36.1325pt.

Overfull \hbox (27.6324pt too wide) in paragraph at lines 320--320
[][] 
 []

<Figures/motif_patterns/M2.png, id=70, 210.7875pt x 246.9225pt>
File: Figures/motif_patterns/M2.png Graphic file (type png)

<use Figures/motif_patterns/M2.png>
Package pdftex.def Info: Figures/motif_patterns/M2.png used on input line 324.
(pdftex.def)             Requested size: 36.13252pt x 36.1325pt.

Overfull \hbox (27.6324pt too wide) in paragraph at lines 324--324
[][] 
 []

<Figures/motif_patterns/M12.png, id=71, 210.7875pt x 246.9225pt>
File: Figures/motif_patterns/M12.png Graphic file (type png)

<use Figures/motif_patterns/M12.png>
Package pdftex.def Info: Figures/motif_patterns/M12.png used on input line 326.

(pdftex.def)             Requested size: 36.13252pt x 36.1325pt.

Overfull \hbox (27.6324pt too wide) in paragraph at lines 326--326
[][] 
 []

<Figures/motif_patterns/M3.png, id=72, 210.7875pt x 246.9225pt>
File: Figures/motif_patterns/M3.png Graphic file (type png)

<use Figures/motif_patterns/M3.png>
Package pdftex.def Info: Figures/motif_patterns/M3.png used on input line 330.
(pdftex.def)             Requested size: 36.13252pt x 36.1325pt.

Overfull \hbox (27.6324pt too wide) in paragraph at lines 330--330
[][] 
 []

<Figures/motif_patterns/M13.png, id=73, 210.7875pt x 246.9225pt>
File: Figures/motif_patterns/M13.png Graphic file (type png)

<use Figures/motif_patterns/M13.png>
Package pdftex.def Info: Figures/motif_patterns/M13.png used on input line 332.

(pdftex.def)             Requested size: 36.13252pt x 36.1325pt.

Overfull \hbox (27.6324pt too wide) in paragraph at lines 332--332
[][] 
 []

<Figures/motif_patterns/M4.png, id=74, 210.7875pt x 246.9225pt>
File: Figures/motif_patterns/M4.png Graphic file (type png)

<use Figures/motif_patterns/M4.png>
Package pdftex.def Info: Figures/motif_patterns/M4.png used on input line 336.
(pdftex.def)             Requested size: 36.13252pt x 36.1325pt.

Overfull \hbox (27.6324pt too wide) in paragraph at lines 336--336
[][] 
 []

<Figures/motif_patterns/M14.png, id=75, 210.7875pt x 246.9225pt>
File: Figures/motif_patterns/M14.png Graphic file (type png)

<use Figures/motif_patterns/M14.png>
Package pdftex.def Info: Figures/motif_patterns/M14.png used on input line 338.

(pdftex.def)             Requested size: 36.13252pt x 36.1325pt.

Overfull \hbox (27.6324pt too wide) in paragraph at lines 338--338
[][] 
 []

<Figures/motif_patterns/M5.png, id=76, 210.7875pt x 246.9225pt>
File: Figures/motif_patterns/M5.png Graphic file (type png)

<use Figures/motif_patterns/M5.png>
Package pdftex.def Info: Figures/motif_patterns/M5.png used on input line 342.
(pdftex.def)             Requested size: 36.13252pt x 36.1325pt.

Overfull \hbox (27.6324pt too wide) in paragraph at lines 342--342
[][] 
 []

<Figures/motif_patterns/M15.png, id=77, 210.7875pt x 246.9225pt>
File: Figures/motif_patterns/M15.png Graphic file (type png)

<use Figures/motif_patterns/M15.png>
Package pdftex.def Info: Figures/motif_patterns/M15.png used on input line 344.

(pdftex.def)             Requested size: 36.13252pt x 36.1325pt.

Overfull \hbox (27.6324pt too wide) in paragraph at lines 344--344
[][] 
 []

<Figures/motif_patterns/M6.png, id=78, 210.7875pt x 246.9225pt>
File: Figures/motif_patterns/M6.png Graphic file (type png)

<use Figures/motif_patterns/M6.png>
Package pdftex.def Info: Figures/motif_patterns/M6.png used on input line 348.
(pdftex.def)             Requested size: 36.13252pt x 36.1325pt.

Overfull \hbox (27.6324pt too wide) in paragraph at lines 348--348
[][] 
 []

<Figures/motif_patterns/M16.png, id=79, 210.7875pt x 246.9225pt>
File: Figures/motif_patterns/M16.png Graphic file (type png)

<use Figures/motif_patterns/M16.png>
Package pdftex.def Info: Figures/motif_patterns/M16.png used on input line 350.

(pdftex.def)             Requested size: 36.13252pt x 36.1325pt.

Overfull \hbox (27.6324pt too wide) in paragraph at lines 350--350
[][] 
 []

<Figures/motif_patterns/M7.png, id=80, 210.7875pt x 246.9225pt>
File: Figures/motif_patterns/M7.png Graphic file (type png)

<use Figures/motif_patterns/M7.png>
Package pdftex.def Info: Figures/motif_patterns/M7.png used on input line 354.
(pdftex.def)             Requested size: 36.13252pt x 36.1325pt.

Overfull \hbox (27.6324pt too wide) in paragraph at lines 354--354
[][] 
 []

<Figures/motif_patterns/M17.png, id=81, 210.7875pt x 246.9225pt>
File: Figures/motif_patterns/M17.png Graphic file (type png)

<use Figures/motif_patterns/M17.png>
Package pdftex.def Info: Figures/motif_patterns/M17.png used on input line 356.

(pdftex.def)             Requested size: 36.13252pt x 36.1325pt.

Overfull \hbox (27.6324pt too wide) in paragraph at lines 356--356
[][] 
 []

<Figures/motif_patterns/M8.png, id=82, 210.7875pt x 246.9225pt>
File: Figures/motif_patterns/M8.png Graphic file (type png)

<use Figures/motif_patterns/M8.png>
Package pdftex.def Info: Figures/motif_patterns/M8.png used on input line 360.
(pdftex.def)             Requested size: 36.13252pt x 36.1325pt.

Overfull \hbox (27.6324pt too wide) in paragraph at lines 360--360
[][] 
 []

<Figures/motif_patterns/M18.png, id=83, 210.7875pt x 246.9225pt>
File: Figures/motif_patterns/M18.png Graphic file (type png)

<use Figures/motif_patterns/M18.png>
Package pdftex.def Info: Figures/motif_patterns/M18.png used on input line 362.

(pdftex.def)             Requested size: 36.13252pt x 36.1325pt.

Overfull \hbox (27.6324pt too wide) in paragraph at lines 362--362
[][] 
 []

<Figures/motif_patterns/M9.png, id=84, 210.7875pt x 246.9225pt>
File: Figures/motif_patterns/M9.png Graphic file (type png)

<use Figures/motif_patterns/M9.png>
Package pdftex.def Info: Figures/motif_patterns/M9.png used on input line 366.
(pdftex.def)             Requested size: 36.13252pt x 36.1325pt.

Overfull \hbox (27.6324pt too wide) in paragraph at lines 366--366
[][] 
 []

<Figures/motif_patterns/M19.png, id=85, 210.7875pt x 246.9225pt>
File: Figures/motif_patterns/M19.png Graphic file (type png)

<use Figures/motif_patterns/M19.png>
Package pdftex.def Info: Figures/motif_patterns/M19.png used on input line 368.

(pdftex.def)             Requested size: 36.13252pt x 36.1325pt.

Overfull \hbox (27.6324pt too wide) in paragraph at lines 368--368
[][] 
 []


Overfull \hbox (57.50839pt too wide) in paragraph at lines 309--373
 [][] 
 []

[9 <./Figures/network_evol.png> <./Figures/forest.png>] [10 <./Figures/diffusio
n_net.png> <./Figures/motif_patterns/m4/M0.png> <./Figures/motif_patterns/m4/M3
.png> <./Figures/motif_patterns/m4/M1.png> <./Figures/motif_patterns/m4/M4.png>
 <./Figures/motif_patterns/m4/M2.png> <./Figures/motif_patterns/m4/M5.png>]
Underfull \vbox (badness 2080) has occurred while \output is active []

 [11 <./Figures/motif_patterns/M0.png> <./Figures/motif_patterns/M10.png> <./Fi
gures/motif_patterns/M1.png> <./Figures/motif_patterns/M11.png> <./Figures/moti
f_patterns/M2.png> <./Figures/motif_patterns/M12.png> <./Figures/motif_patterns
/M3.png> <./Figures/motif_patterns/M13.png> <./Figures/motif_patterns/M4.png> <
./Figures/motif_patterns/M14.png> <./Figures/motif_patterns/M5.png> <./Figures/
motif_patterns/M15.png> <./Figures/motif_patterns/M6.png> <./Figures/motif_patt
erns/M16.png> <./Figures/motif_patterns/M7.png> <./Figures/motif_patterns/M17.p
ng> <./Figures/motif_patterns/M8.png> <./Figures/motif_patterns/M18.png> <./Fig
ures/motif_patterns/M9.png> <./Figures/motif_patterns/M19.png>]
<Figures/motif_diffusion.png, id=124, 1849.91125pt x 925.4575pt>
File: Figures/motif_diffusion.png Graphic file (type png)

<use Figures/motif_diffusion.png>
Package pdftex.def Info: Figures/motif_diffusion.png used on input line 391.
(pdftex.def)             Requested size: 227.59702pt x 142.25824pt.
 [12 <./Figures/motif_diffusion.png>]
<Figures/likelihood/tgt_in_degree.png, id=129, 1517.67pt x 861.4584pt>
File: Figures/likelihood/tgt_in_degree.png Graphic file (type png)

<use Figures/likelihood/tgt_in_degree.png>
Package pdftex.def Info: Figures/likelihood/tgt_in_degree.png used on input lin
e 413.
(pdftex.def)             Requested size: 227.61752pt x 142.2528pt.
 [13 <./Figures/likelihood/tgt_in_degree.png>] <Figures/likelihood/node_age.png
, id=136, 1517.67pt x 861.4584pt>
File: Figures/likelihood/node_age.png Graphic file (type png)

<use Figures/likelihood/node_age.png>
Package pdftex.def Info: Figures/likelihood/node_age.png used on input line 422
.
(pdftex.def)             Requested size: 227.61752pt x 142.2528pt.
 [14 <./Figures/likelihood/node_age.png>]
<Figures/motif_transitions.png, id=141, 1334.9875pt x 1172.38pt>
File: Figures/motif_transitions.png Graphic file (type png)

<use Figures/motif_transitions.png>
Package pdftex.def Info: Figures/motif_transitions.png used on input line 459.
(pdftex.def)             Requested size: 227.6171pt x 170.71526pt.


LaTeX Warning: `!h' float specifier changed to `!ht'.

[15] <Figures/lambda_motif.png, id=147, 1968.35374pt x 712.6625pt>
File: Figures/lambda_motif.png Graphic file (type png)

<use Figures/lambda_motif.png>
Package pdftex.def Info: Figures/lambda_motif.png used on input line 509.
(pdftex.def)             Requested size: 256.07518pt x 85.35269pt.


LaTeX Warning: `!h' float specifier changed to `!ht'.


Overfull \hbox (6.12708pt too wide) in paragraph at lines 516--517
[]$\OML/cmm/m/it/10 []$\OT1/cmr/m/it/10 -frontier mo-tifs\OT1/cmr/m/n/10 : The
se mo-tifs in Fig-ure 10[](a) con-tain at least one \OT1/cmr/m/it/10 frontier-
 []

[16 <./Figures/motif_transitions.png>]
Underfull \vbox (badness 10000) has occurred while \output is active []

 [17 <./Figures/lambda_motif.png>] [18] [19] [20] [21] [22]

LaTeX Warning: No positions in optional float specifier.
               Default added (so using `tbp') on input line 680.

<Figures/motif_count_plots/steep/mc_steep_M0.png, id=176, 722.7pt x 578.16pt>
File: Figures/motif_count_plots/steep/mc_steep_M0.png Graphic file (type png)

<use Figures/motif_count_plots/steep/mc_steep_M0.png>
Package pdftex.def Info: Figures/motif_count_plots/steep/mc_steep_M0.png used o
n input line 684.
(pdftex.def)             Requested size: 142.26576pt x 113.80379pt.

Overfull \hbox (40.86473pt too wide) in paragraph at lines 684--685
[][] 
 []

File: Figures/motif_patterns/M0.png Graphic file (type png)
<use Figures/motif_patterns/M0.png>
Package pdftex.def Info: Figures/motif_patterns/M0.png used on input line 689.
(pdftex.def)             Requested size: 28.45186pt x 28.45012pt.

Overfull \hbox (28.45186pt too wide) in paragraph at lines 689--690
[][] 
 []

<Figures/motif_count_plots/inhib/mc_inhib_M0.png, id=177, 722.7pt x 578.16pt>
File: Figures/motif_count_plots/inhib/mc_inhib_M0.png Graphic file (type png)

<use Figures/motif_count_plots/inhib/mc_inhib_M0.png>
Package pdftex.def Info: Figures/motif_count_plots/inhib/mc_inhib_M0.png used o
n input line 693.
(pdftex.def)             Requested size: 142.26576pt x 113.80379pt.

Overfull \hbox (23.9637pt too wide) in paragraph at lines 693--694
[][] 
 []

<Figures/motif_count_plots/steep/mc_steep_M3.png, id=178, 722.7pt x 578.16pt>
File: Figures/motif_count_plots/steep/mc_steep_M3.png Graphic file (type png)

<use Figures/motif_count_plots/steep/mc_steep_M3.png>
Package pdftex.def Info: Figures/motif_count_plots/steep/mc_steep_M3.png used o
n input line 700.
(pdftex.def)             Requested size: 142.26576pt x 113.80379pt.

Overfull \hbox (40.86473pt too wide) in paragraph at lines 700--701
[][] 
 []

File: Figures/motif_patterns/M3.png Graphic file (type png)
<use Figures/motif_patterns/M3.png>
Package pdftex.def Info: Figures/motif_patterns/M3.png used on input line 705.
(pdftex.def)             Requested size: 28.45186pt x 28.45012pt.

Overfull \hbox (28.45186pt too wide) in paragraph at lines 705--706
[][] 
 []

<Figures/motif_count_plots/inhib/mc_inhib_M3.png, id=179, 722.7pt x 578.16pt>
File: Figures/motif_count_plots/inhib/mc_inhib_M3.png Graphic file (type png)

<use Figures/motif_count_plots/inhib/mc_inhib_M3.png>
Package pdftex.def Info: Figures/motif_count_plots/inhib/mc_inhib_M3.png used o
n input line 709.
(pdftex.def)             Requested size: 142.26576pt x 113.80379pt.

Overfull \hbox (23.9637pt too wide) in paragraph at lines 709--710
[][] 
 []


<Figures/motif_count_plots/steep/mc_steep_M15.png, id=180, 722.7pt x 578.16pt>
File: Figures/motif_count_plots/steep/mc_steep_M15.png Graphic file (type png)

<use Figures/motif_count_plots/steep/mc_steep_M15.png>
Package pdftex.def Info: Figures/motif_count_plots/steep/mc_steep_M15.png used 
on input line 717.
(pdftex.def)             Requested size: 142.26576pt x 113.80379pt.

Overfull \hbox (40.86473pt too wide) in paragraph at lines 717--718
[][] 
 []

File: Figures/motif_patterns/M15.png Graphic file (type png)
<use Figures/motif_patterns/M15.png>
Package pdftex.def Info: Figures/motif_patterns/M15.png used on input line 722.

(pdftex.def)             Requested size: 28.45186pt x 28.45012pt.

Overfull \hbox (28.45186pt too wide) in paragraph at lines 722--723
[][] 
 []


<Figures/motif_count_plots/inhib/mc_inhib_M15.png, id=181, 722.7pt x 578.16pt>
File: Figures/motif_count_plots/inhib/mc_inhib_M15.png Graphic file (type png)

<use Figures/motif_count_plots/inhib/mc_inhib_M15.png>
Package pdftex.def Info: Figures/motif_count_plots/inhib/mc_inhib_M15.png used 
on input line 726.
(pdftex.def)             Requested size: 142.26576pt x 113.80379pt.

Overfull \hbox (23.9637pt too wide) in paragraph at lines 726--727
[][] 
 []


<Figures/motif_count_plots/steep/mc_steep_M17.png, id=182, 722.7pt x 578.16pt>
File: Figures/motif_count_plots/steep/mc_steep_M17.png Graphic file (type png)

<use Figures/motif_count_plots/steep/mc_steep_M17.png>
Package pdftex.def Info: Figures/motif_count_plots/steep/mc_steep_M17.png used 
on input line 733.
(pdftex.def)             Requested size: 142.26576pt x 113.80379pt.

Overfull \hbox (40.86473pt too wide) in paragraph at lines 733--734
[][] 
 []

File: Figures/motif_patterns/M17.png Graphic file (type png)
<use Figures/motif_patterns/M17.png>
Package pdftex.def Info: Figures/motif_patterns/M17.png used on input line 738.

(pdftex.def)             Requested size: 28.45186pt x 28.45012pt.

Overfull \hbox (28.45186pt too wide) in paragraph at lines 738--739
[][] 
 []


<Figures/motif_count_plots/inhib/mc_inhib_M17.png, id=183, 722.7pt x 578.16pt>
File: Figures/motif_count_plots/inhib/mc_inhib_M17.png Graphic file (type png)

<use Figures/motif_count_plots/inhib/mc_inhib_M17.png>
Package pdftex.def Info: Figures/motif_count_plots/inhib/mc_inhib_M17.png used 
on input line 742.
(pdftex.def)             Requested size: 142.26576pt x 113.80379pt.

Overfull \hbox (23.9637pt too wide) in paragraph at lines 742--743
[][] 
 []


LaTeX Warning: Float too large for page by 15.23181pt on input line 747.

[23] [24 <./Figures/motif_count_plots/steep/mc_steep_M0.png> <./Figures/motif_c
ount_plots/inhib/mc_inhib_M0.png> <./Figures/motif_count_plots/steep/mc_steep_M
3.png> <./Figures/motif_count_plots/inhib/mc_inhib_M3.png> <./Figures/motif_cou
nt_plots/steep/mc_steep_M15.png> <./Figures/motif_count_plots/inhib/mc_inhib_M1
5.png> <./Figures/motif_count_plots/steep/mc_steep_M17.png> <./Figures/motif_co
unt_plots/inhib/mc_inhib_M17.png>]

LaTeX Warning: No positions in optional float specifier.
               Default added (so using `tbp') on input line 754.


<Figures/motif_weights_plots/steep/mw_steep_M1.png, id=198, 722.7pt x 578.16pt>
File: Figures/motif_weights_plots/steep/mw_steep_M1.png Graphic file (type png)

<use Figures/motif_weights_plots/steep/mw_steep_M1.png>
Package pdftex.def Info: Figures/motif_weights_plots/steep/mw_steep_M1.png used
 on input line 758.
(pdftex.def)             Requested size: 142.26576pt x 113.80379pt.

Overfull \hbox (40.86473pt too wide) in paragraph at lines 758--759
[][] 
 []

File: Figures/motif_patterns/M1.png Graphic file (type png)
<use Figures/motif_patterns/M1.png>
Package pdftex.def Info: Figures/motif_patterns/M1.png used on input line 763.
(pdftex.def)             Requested size: 28.45186pt x 28.45012pt.

Overfull \hbox (28.45186pt too wide) in paragraph at lines 763--764
[][] 
 []


<Figures/motif_weights_plots/inhib/mw_inhib_M1.png, id=199, 722.7pt x 578.16pt>
File: Figures/motif_weights_plots/inhib/mw_inhib_M1.png Graphic file (type png)

<use Figures/motif_weights_plots/inhib/mw_inhib_M1.png>
Package pdftex.def Info: Figures/motif_weights_plots/inhib/mw_inhib_M1.png used
 on input line 767.
(pdftex.def)             Requested size: 142.26576pt x 113.80379pt.

Overfull \hbox (23.9637pt too wide) in paragraph at lines 767--768
[][] 
 []


<Figures/motif_weights_plots/steep/mw_steep_M5.png, id=200, 722.7pt x 578.16pt>
File: Figures/motif_weights_plots/steep/mw_steep_M5.png Graphic file (type png)

<use Figures/motif_weights_plots/steep/mw_steep_M5.png>
Package pdftex.def Info: Figures/motif_weights_plots/steep/mw_steep_M5.png used
 on input line 775.
(pdftex.def)             Requested size: 142.26576pt x 113.80379pt.

Overfull \hbox (40.86473pt too wide) in paragraph at lines 775--776
[][] 
 []

File: Figures/motif_patterns/M5.png Graphic file (type png)
<use Figures/motif_patterns/M5.png>
Package pdftex.def Info: Figures/motif_patterns/M5.png used on input line 780.
(pdftex.def)             Requested size: 28.45186pt x 28.45012pt.

Overfull \hbox (28.45186pt too wide) in paragraph at lines 780--781
[][] 
 []


<Figures/motif_weights_plots/inhib/mw_inhib_M5.png, id=201, 722.7pt x 578.16pt>
File: Figures/motif_weights_plots/inhib/mw_inhib_M5.png Graphic file (type png)

<use Figures/motif_weights_plots/inhib/mw_inhib_M5.png>
Package pdftex.def Info: Figures/motif_weights_plots/inhib/mw_inhib_M5.png used
 on input line 784.
(pdftex.def)             Requested size: 142.26576pt x 113.80379pt.

Overfull \hbox (23.9637pt too wide) in paragraph at lines 784--785
[][] 
 []


<Figures/motif_weights_plots/steep/mw_steep_M11.png, id=202, 722.7pt x 578.16pt
>
File: Figures/motif_weights_plots/steep/mw_steep_M11.png Graphic file (type png
)
 <use Figures/motif_weights_plots/steep/mw_steep_M11.png>
Package pdftex.def Info: Figures/motif_weights_plots/steep/mw_steep_M11.png use
d on input line 791.
(pdftex.def)             Requested size: 142.26576pt x 113.80379pt.

Overfull \hbox (40.86473pt too wide) in paragraph at lines 791--792
[][] 
 []

File: Figures/motif_patterns/M11.png Graphic file (type png)
<use Figures/motif_patterns/M11.png>
Package pdftex.def Info: Figures/motif_patterns/M11.png used on input line 796.

(pdftex.def)             Requested size: 28.45186pt x 28.45012pt.

Overfull \hbox (28.45186pt too wide) in paragraph at lines 796--797
[][] 
 []


<Figures/motif_weights_plots/inhib/mw_inhib_M11.png, id=203, 722.7pt x 578.16pt
>
File: Figures/motif_weights_plots/inhib/mw_inhib_M11.png Graphic file (type png
)
 <use Figures/motif_weights_plots/inhib/mw_inhib_M11.png>
Package pdftex.def Info: Figures/motif_weights_plots/inhib/mw_inhib_M11.png use
d on input line 800.
(pdftex.def)             Requested size: 142.26576pt x 113.80379pt.

Overfull \hbox (23.9637pt too wide) in paragraph at lines 800--801
[][] 
 []


<Figures/motif_weights_plots/steep/mw_steep_M18.png, id=204, 722.7pt x 578.16pt
>
File: Figures/motif_weights_plots/steep/mw_steep_M18.png Graphic file (type png
)
 <use Figures/motif_weights_plots/steep/mw_steep_M18.png>
Package pdftex.def Info: Figures/motif_weights_plots/steep/mw_steep_M18.png use
d on input line 807.
(pdftex.def)             Requested size: 142.26576pt x 113.80379pt.

Overfull \hbox (40.86473pt too wide) in paragraph at lines 807--808
[][] 
 []

File: Figures/motif_patterns/M18.png Graphic file (type png)
<use Figures/motif_patterns/M18.png>
Package pdftex.def Info: Figures/motif_patterns/M18.png used on input line 812.

(pdftex.def)             Requested size: 28.45186pt x 28.45012pt.

Overfull \hbox (28.45186pt too wide) in paragraph at lines 812--813
[][] 
 []


<Figures/motif_weights_plots/inhib/mw_inhib_M18.png, id=205, 722.7pt x 578.16pt
>
File: Figures/motif_weights_plots/inhib/mw_inhib_M18.png Graphic file (type png
)
 <use Figures/motif_weights_plots/inhib/mw_inhib_M18.png>
Package pdftex.def Info: Figures/motif_weights_plots/inhib/mw_inhib_M18.png use
d on input line 816.
(pdftex.def)             Requested size: 142.26576pt x 113.80379pt.

Overfull \hbox (23.9637pt too wide) in paragraph at lines 816--817
[][] 
 []


LaTeX Warning: Float too large for page by 15.23181pt on input line 822.


LaTeX Warning: Reference `def:def_2' on page 25 undefined on input line 828.


LaTeX Warning: No positions in optional float specifier.
               Default added (so using `tbp') on input line 832.


<Figures/motif_transition_plots/steep/mt_steep_M4_0_M5_1.png, id=206, 722.7pt x
 578.16pt>
File: Figures/motif_transition_plots/steep/mt_steep_M4_0_M5_1.png Graphic file 
(type png)
 <use Figures/motif_transition_plots/steep/mt_steep_M4_0_M5_1.png>
Package pdftex.def Info: Figures/motif_transition_plots/steep/mt_steep_M4_0_M5_
1.png used on input line 836.
(pdftex.def)             Requested size: 142.26576pt x 113.80379pt.

Overfull \hbox (34.10329pt too wide) in paragraph at lines 836--837
[][] 
 []

File: Figures/motif_patterns/m4/M0.png Graphic file (type png)
<use Figures/motif_patterns/m4/M0.png>
Package pdftex.def Info: Figures/motif_patterns/m4/M0.png used on input line 84
1.
(pdftex.def)             Requested size: 28.45186pt x 28.45012pt.

Overfull \hbox (28.45186pt too wide) in paragraph at lines 841--842
[][] 
 []

<Figures/arrow.png, id=207, 146.5475pt x 16.06pt>
File: Figures/arrow.png Graphic file (type png)
 <use Figures/arrow.png>
Package pdftex.def Info: Figures/arrow.png used on input line 845.
(pdftex.def)             Requested size: 19.91498pt x 5.69043pt.

Overfull \hbox (19.91498pt too wide) in paragraph at lines 845--846
[][] 
 []

File: Figures/motif_patterns/M1.png Graphic file (type png)
<use Figures/motif_patterns/M1.png>
Package pdftex.def Info: Figures/motif_patterns/M1.png used on input line 849.
(pdftex.def)             Requested size: 28.45186pt x 28.45012pt.

Overfull \hbox (11.55083pt too wide) in paragraph at lines 849--850
[][] 
 []


<Figures/motif_transition_plots/inhib/mt_inhib_M4_0_M5_1.png, id=208, 722.7pt x
 578.16pt>
File: Figures/motif_transition_plots/inhib/mt_inhib_M4_0_M5_1.png Graphic file 
(type png)
 <use Figures/motif_transition_plots/inhib/mt_inhib_M4_0_M5_1.png>
Package pdftex.def Info: Figures/motif_transition_plots/inhib/mt_inhib_M4_0_M5_
1.png used on input line 853.
(pdftex.def)             Requested size: 142.26576pt x 113.80379pt.

Overfull \hbox (57.76576pt too wide) in paragraph at lines 853--854
[][] 
 []


<Figures/motif_transition_plots/steep/mt_steep_M4_0_M5_9.png, id=209, 722.7pt x
 578.16pt>
File: Figures/motif_transition_plots/steep/mt_steep_M4_0_M5_9.png Graphic file 
(type png)
 <use Figures/motif_transition_plots/steep/mt_steep_M4_0_M5_9.png>
Package pdftex.def Info: Figures/motif_transition_plots/steep/mt_steep_M4_0_M5_
9.png used on input line 860.
(pdftex.def)             Requested size: 142.26576pt x 113.80379pt.

Overfull \hbox (34.10329pt too wide) in paragraph at lines 860--861
[][] 
 []

File: Figures/motif_patterns/m4/M0.png Graphic file (type png)
<use Figures/motif_patterns/m4/M0.png>
Package pdftex.def Info: Figures/motif_patterns/m4/M0.png used on input line 86
5.
(pdftex.def)             Requested size: 28.45186pt x 28.45012pt.

Overfull \hbox (28.45186pt too wide) in paragraph at lines 865--866
[][] 
 []

File: Figures/arrow.png Graphic file (type png)
<use Figures/arrow.png>
Package pdftex.def Info: Figures/arrow.png used on input line 869.
(pdftex.def)             Requested size: 19.91498pt x 5.69043pt.

Overfull \hbox (19.91498pt too wide) in paragraph at lines 869--870
[][] 
 []

File: Figures/motif_patterns/M9.png Graphic file (type png)
<use Figures/motif_patterns/M9.png>
Package pdftex.def Info: Figures/motif_patterns/M9.png used on input line 873.
(pdftex.def)             Requested size: 28.45186pt x 28.45012pt.

Overfull \hbox (11.55083pt too wide) in paragraph at lines 873--874
[][] 
 []


<Figures/motif_transition_plots/inhib/mt_inhib_M4_0_M5_9.png, id=210, 722.7pt x
 578.16pt>
File: Figures/motif_transition_plots/inhib/mt_inhib_M4_0_M5_9.png Graphic file 
(type png)
 <use Figures/motif_transition_plots/inhib/mt_inhib_M4_0_M5_9.png>
Package pdftex.def Info: Figures/motif_transition_plots/inhib/mt_inhib_M4_0_M5_
9.png used on input line 877.
(pdftex.def)             Requested size: 142.26576pt x 113.80379pt.

Overfull \hbox (57.76576pt too wide) in paragraph at lines 877--878
[][] 
 []


<Figures/motif_transition_plots/steep/mt_steep_M4_1_M5_9.png, id=211, 722.7pt x
 578.16pt>
File: Figures/motif_transition_plots/steep/mt_steep_M4_1_M5_9.png Graphic file 
(type png)
 <use Figures/motif_transition_plots/steep/mt_steep_M4_1_M5_9.png>
Package pdftex.def Info: Figures/motif_transition_plots/steep/mt_steep_M4_1_M5_
9.png used on input line 884.
(pdftex.def)             Requested size: 142.26576pt x 113.80379pt.

Overfull \hbox (34.10329pt too wide) in paragraph at lines 884--885
[][] 
 []

File: Figures/motif_patterns/m4/M1.png Graphic file (type png)
<use Figures/motif_patterns/m4/M1.png>
Package pdftex.def Info: Figures/motif_patterns/m4/M1.png used on input line 88
9.
(pdftex.def)             Requested size: 28.45186pt x 28.45012pt.

Overfull \hbox (28.45186pt too wide) in paragraph at lines 889--890
[][] 
 []

File: Figures/arrow.png Graphic file (type png)
<use Figures/arrow.png>
Package pdftex.def Info: Figures/arrow.png used on input line 893.
(pdftex.def)             Requested size: 19.91498pt x 5.69043pt.

Overfull \hbox (19.91498pt too wide) in paragraph at lines 893--894
[][] 
 []

File: Figures/motif_patterns/M5.png Graphic file (type png)
<use Figures/motif_patterns/M5.png>
Package pdftex.def Info: Figures/motif_patterns/M5.png used on input line 897.
(pdftex.def)             Requested size: 28.45186pt x 28.45012pt.

Overfull \hbox (11.55083pt too wide) in paragraph at lines 897--898
[][] 
 []


<Figures/motif_transition_plots/inhib/mt_inhib_M4_1_M5_9.png, id=212, 722.7pt x
 578.16pt>
File: Figures/motif_transition_plots/inhib/mt_inhib_M4_1_M5_9.png Graphic file 
(type png)
 <use Figures/motif_transition_plots/inhib/mt_inhib_M4_1_M5_9.png>
Package pdftex.def Info: Figures/motif_transition_plots/inhib/mt_inhib_M4_1_M5_
9.png used on input line 901.
(pdftex.def)             Requested size: 142.26576pt x 113.80379pt.

Overfull \hbox (57.76576pt too wide) in paragraph at lines 901--902
[][] 
 []


Underfull \hbox (badness 4927) in paragraph at lines 902--902
[]\OT1/cmr/m/n/8 (f) |Mo-tif tran-si-tion:
 []


<Figures/motif_transition_plots/steep/mt_steep_M4_2_M5_8.png, id=213, 722.7pt x
 578.16pt>
File: Figures/motif_transition_plots/steep/mt_steep_M4_2_M5_8.png Graphic file 
(type png)
 <use Figures/motif_transition_plots/steep/mt_steep_M4_2_M5_8.png>
Package pdftex.def Info: Figures/motif_transition_plots/steep/mt_steep_M4_2_M5_
8.png used on input line 908.
(pdftex.def)             Requested size: 142.26576pt x 113.80379pt.

Overfull \hbox (34.10329pt too wide) in paragraph at lines 908--909
[][] 
 []

File: Figures/motif_patterns/m4/M2.png Graphic file (type png)
<use Figures/motif_patterns/m4/M2.png>
Package pdftex.def Info: Figures/motif_patterns/m4/M2.png used on input line 91
3.
(pdftex.def)             Requested size: 28.45186pt x 28.45012pt.

Overfull \hbox (28.45186pt too wide) in paragraph at lines 913--914
[][] 
 []

File: Figures/arrow.png Graphic file (type png)
<use Figures/arrow.png>
Package pdftex.def Info: Figures/arrow.png used on input line 917.
(pdftex.def)             Requested size: 19.91498pt x 5.69043pt.

Overfull \hbox (19.91498pt too wide) in paragraph at lines 917--918
[][] 
 []

File: Figures/motif_patterns/M8.png Graphic file (type png)
<use Figures/motif_patterns/M8.png>
Package pdftex.def Info: Figures/motif_patterns/M8.png used on input line 921.
(pdftex.def)             Requested size: 28.45186pt x 28.45012pt.

Overfull \hbox (11.55083pt too wide) in paragraph at lines 921--922
[][] 
 []


<Figures/motif_transition_plots/inhib/mt_inhib_M4_2_M5_8.png, id=214, 722.7pt x
 578.16pt>
File: Figures/motif_transition_plots/inhib/mt_inhib_M4_2_M5_8.png Graphic file 
(type png)
 <use Figures/motif_transition_plots/inhib/mt_inhib_M4_2_M5_8.png>
Package pdftex.def Info: Figures/motif_transition_plots/inhib/mt_inhib_M4_2_M5_
8.png used on input line 925.
(pdftex.def)             Requested size: 142.26576pt x 113.80379pt.

Overfull \hbox (57.76576pt too wide) in paragraph at lines 925--926
[][] 
 []


LaTeX Warning: Float too large for page by 58.25185pt on input line 930.


Underfull \vbox (badness 1303) has occurred while \output is active []

 [25]
[26 <./Figures/motif_weights_plots/steep/mw_steep_M1.png> <./Figures/motif_weig
hts_plots/inhib/mw_inhib_M1.png> <./Figures/motif_weights_plots/steep/mw_steep_
M5.png> <./Figures/motif_weights_plots/inhib/mw_inhib_M5.png> <./Figures/motif_
weights_plots/steep/mw_steep_M11.png> <./Figures/motif_weights_plots/inhib/mw_i
nhib_M11.png> <./Figures/motif_weights_plots/steep/mw_steep_M18.png> <./Figures
/motif_weights_plots/inhib/mw_inhib_M18.png>] [27 <./Figures/motif_transition_p
lots/steep/mt_steep_M4_0_M5_1.png> <./Figures/arrow.png> <./Figures/motif_trans
ition_plots/inhib/mt_inhib_M4_0_M5_1.png> <./Figures/motif_transition_plots/ste
ep/mt_steep_M4_0_M5_9.png> <./Figures/motif_transition_plots/inhib/mt_inhib_M4_
0_M5_9.png> <./Figures/motif_transition_plots/steep/mt_steep_M4_1_M5_9.png> <./
Figures/motif_transition_plots/inhib/mt_inhib_M4_1_M5_9.png> <./Figures/motif_t
ransition_plots/steep/mt_steep_M4_2_M5_8.png> <./Figures/motif_transition_plots
/inhib/mt_inhib_M4_2_M5_8.png>]

LaTeX Warning: No positions in optional float specifier.
               Default added (so using `tbp') on input line 935.


<Figures/motif_temporal_plots/gt/steep/tmcg_steep_M4.png, id=242, 722.7pt x 578
.16pt>
File: Figures/motif_temporal_plots/gt/steep/tmcg_steep_M4.png Graphic file (typ
e png)
 <use Figures/motif_temporal_plots/gt/steep/tmcg_steep_M4.png>
Package pdftex.def Info: Figures/motif_temporal_plots/gt/steep/tmcg_steep_M4.pn
g used on input line 939.
(pdftex.def)             Requested size: 142.26576pt x 113.80379pt.

Overfull \hbox (40.86473pt too wide) in paragraph at lines 939--939
[][] 
 []

File: Figures/motif_patterns/M4.png Graphic file (type png)
<use Figures/motif_patterns/M4.png>
Package pdftex.def Info: Figures/motif_patterns/M4.png used on input line 943.
(pdftex.def)             Requested size: 28.45186pt x 28.45012pt.

Overfull \hbox (28.45186pt too wide) in paragraph at lines 943--944
[][] 
 []


<Figures/motif_temporal_plots/gt/inhib/tmcg_inhib_M4.png, id=243, 722.7pt x 578
.16pt>
File: Figures/motif_temporal_plots/gt/inhib/tmcg_inhib_M4.png Graphic file (typ
e png)
 <use Figures/motif_temporal_plots/gt/inhib/tmcg_inhib_M4.png>
Package pdftex.def Info: Figures/motif_temporal_plots/gt/inhib/tmcg_inhib_M4.pn
g used on input line 947.
(pdftex.def)             Requested size: 142.26576pt x 113.80379pt.

Overfull \hbox (23.9637pt too wide) in paragraph at lines 947--948
[][] 
 []


<Figures/motif_temporal_plots/gt/steep/tmcg_steep_M13.png, id=244, 722.7pt x 57
8.16pt>
File: Figures/motif_temporal_plots/gt/steep/tmcg_steep_M13.png Graphic file (ty
pe png)
 <use Figures/motif_temporal_plots/gt/steep/tmcg_steep_M13.png>
Package pdftex.def Info: Figures/motif_temporal_plots/gt/steep/tmcg_steep_M13.p
ng used on input line 954.
(pdftex.def)             Requested size: 142.26576pt x 113.80379pt.

Overfull \hbox (40.86473pt too wide) in paragraph at lines 954--955
[][] 
 []

File: Figures/motif_patterns/M13.png Graphic file (type png)
<use Figures/motif_patterns/M13.png>
Package pdftex.def Info: Figures/motif_patterns/M13.png used on input line 959.

(pdftex.def)             Requested size: 28.45186pt x 28.45012pt.

Overfull \hbox (28.45186pt too wide) in paragraph at lines 959--960
[][] 
 []


<Figures/motif_temporal_plots/gt/inhib/tmcg_inhib_M13.png, id=245, 722.7pt x 57
8.16pt>
File: Figures/motif_temporal_plots/gt/inhib/tmcg_inhib_M13.png Graphic file (ty
pe png)
 <use Figures/motif_temporal_plots/gt/inhib/tmcg_inhib_M13.png>
Package pdftex.def Info: Figures/motif_temporal_plots/gt/inhib/tmcg_inhib_M13.p
ng used on input line 963.
(pdftex.def)             Requested size: 142.26576pt x 113.80379pt.

Overfull \hbox (23.9637pt too wide) in paragraph at lines 963--964
[][] 
 []


<Figures/motif_temporal_plots/lt/steep/tmcl_steep_M3.png, id=246, 722.7pt x 578
.16pt>
File: Figures/motif_temporal_plots/lt/steep/tmcl_steep_M3.png Graphic file (typ
e png)
 <use Figures/motif_temporal_plots/lt/steep/tmcl_steep_M3.png>
Package pdftex.def Info: Figures/motif_temporal_plots/lt/steep/tmcl_steep_M3.pn
g used on input line 971.
(pdftex.def)             Requested size: 142.26576pt x 113.80379pt.

Overfull \hbox (40.86473pt too wide) in paragraph at lines 971--972
[][] 
 []

File: Figures/motif_patterns/M3.png Graphic file (type png)
<use Figures/motif_patterns/M3.png>
Package pdftex.def Info: Figures/motif_patterns/M3.png used on input line 976.
(pdftex.def)             Requested size: 28.45186pt x 28.45012pt.

Overfull \hbox (28.45186pt too wide) in paragraph at lines 976--977
[][] 
 []


<Figures/motif_temporal_plots/lt/inhib/tmcl_inhib_M3.png, id=247, 722.7pt x 578
.16pt>
File: Figures/motif_temporal_plots/lt/inhib/tmcl_inhib_M3.png Graphic file (typ
e png)
 <use Figures/motif_temporal_plots/lt/inhib/tmcl_inhib_M3.png>
Package pdftex.def Info: Figures/motif_temporal_plots/lt/inhib/tmcl_inhib_M3.pn
g used on input line 980.
(pdftex.def)             Requested size: 142.26576pt x 113.80379pt.

Overfull \hbox (23.9637pt too wide) in paragraph at lines 980--981
[][] 
 []


<Figures/motif_temporal_plots/lt/steep/tmcl_steep_M13.png, id=248, 722.7pt x 57
8.16pt>
File: Figures/motif_temporal_plots/lt/steep/tmcl_steep_M13.png Graphic file (ty
pe png)
 <use Figures/motif_temporal_plots/lt/steep/tmcl_steep_M13.png>
Package pdftex.def Info: Figures/motif_temporal_plots/lt/steep/tmcl_steep_M13.p
ng used on input line 987.
(pdftex.def)             Requested size: 142.26576pt x 113.80379pt.

Overfull \hbox (40.86473pt too wide) in paragraph at lines 987--988
[][] 
 []

File: Figures/motif_patterns/M13.png Graphic file (type png)
<use Figures/motif_patterns/M13.png>
Package pdftex.def Info: Figures/motif_patterns/M13.png used on input line 992.

(pdftex.def)             Requested size: 28.45186pt x 28.45012pt.

Overfull \hbox (28.45186pt too wide) in paragraph at lines 992--993
[][] 
 []


<Figures/motif_temporal_plots/lt/inhib/tmcl_inhib_M13.png, id=249, 722.7pt x 57
8.16pt>
File: Figures/motif_temporal_plots/lt/inhib/tmcl_inhib_M13.png Graphic file (ty
pe png)
 <use Figures/motif_temporal_plots/lt/inhib/tmcl_inhib_M13.png>
Package pdftex.def Info: Figures/motif_temporal_plots/lt/inhib/tmcl_inhib_M13.p
ng used on input line 996.
(pdftex.def)             Requested size: 142.26576pt x 113.80379pt.

Overfull \hbox (23.9637pt too wide) in paragraph at lines 996--997
[][] 
 []


LaTeX Warning: Float too large for page by 21.13177pt on input line 1002.


LaTeX Warning: Reference `fig:motif_count' on page 28 undefined on input line 1
006.

<Figures/centralities/values/pr_steep.png, id=250, 722.7pt x 578.16pt>
File: Figures/centralities/values/pr_steep.png Graphic file (type png)

<use Figures/centralities/values/pr_steep.png>
Package pdftex.def Info: Figures/centralities/values/pr_steep.png used on input
 line 1016.
(pdftex.def)             Requested size: 170.71672pt x 113.80379pt.

Overfull \hbox (1.71672pt too wide) in paragraph at lines 1016--1017
[][]
 []

<Figures/centralities/values/pr_inhib.png, id=251, 722.7pt x 578.16pt>
File: Figures/centralities/values/pr_inhib.png Graphic file (type png)

<use Figures/centralities/values/pr_inhib.png>
Package pdftex.def Info: Figures/centralities/values/pr_inhib.png used on input
 line 1021.
(pdftex.def)             Requested size: 170.71672pt x 113.80379pt.

Overfull \hbox (35.51878pt too wide) in paragraph at lines 1021--1022
[][]
 []


LaTeX Warning: No positions in optional float specifier.
               Default added (so using `tbp') on input line 1029.

<Figures/centralities/values/cc_steep.png, id=252, 722.7pt x 578.16pt>
File: Figures/centralities/values/cc_steep.png Graphic file (type png)

<use Figures/centralities/values/cc_steep.png>
Package pdftex.def Info: Figures/centralities/values/cc_steep.png used on input
 line 1033.
(pdftex.def)             Requested size: 170.71672pt x 113.80379pt.

Overfull \hbox (1.71672pt too wide) in paragraph at lines 1033--1034
[][]
 []

<Figures/centralities/values/cc_inhib.png, id=253, 722.7pt x 578.16pt>
File: Figures/centralities/values/cc_inhib.png Graphic file (type png)

<use Figures/centralities/values/cc_inhib.png>
Package pdftex.def Info: Figures/centralities/values/cc_inhib.png used on input
 line 1038.
(pdftex.def)             Requested size: 170.71672pt x 113.80379pt.

Overfull \hbox (35.51878pt too wide) in paragraph at lines 1038--1039
[][]
 []


LaTeX Warning: No positions in optional float specifier.
               Default added (so using `tbp') on input line 1047.

<Figures/centralities/values/entropy_steep.png, id=254, 722.7pt x 578.16pt>
File: Figures/centralities/values/entropy_steep.png Graphic file (type png)

<use Figures/centralities/values/entropy_steep.png>
Package pdftex.def Info: Figures/centralities/values/entropy_steep.png used on 
input line 1051.
(pdftex.def)             Requested size: 170.71672pt x 113.80379pt.

Overfull \hbox (1.71672pt too wide) in paragraph at lines 1051--1052
[][]
 []

<Figures/centralities/values/entropy_inhib.png, id=255, 722.7pt x 578.16pt>
File: Figures/centralities/values/entropy_inhib.png Graphic file (type png)

<use Figures/centralities/values/entropy_inhib.png>
Package pdftex.def Info: Figures/centralities/values/entropy_inhib.png used on 
input line 1056.
(pdftex.def)             Requested size: 170.71672pt x 113.80379pt.

Overfull \hbox (35.51878pt too wide) in paragraph at lines 1056--1057
[][]
 []


LaTeX Warning: No positions in optional float specifier.
               Default added (so using `tbp') on input line 1065.

<Figures/centralities/values/deg_steep.png, id=256, 722.7pt x 578.16pt>
File: Figures/centralities/values/deg_steep.png Graphic file (type png)

<use Figures/centralities/values/deg_steep.png>
Package pdftex.def Info: Figures/centralities/values/deg_steep.png used on inpu
t line 1069.
(pdftex.def)             Requested size: 170.71672pt x 113.80379pt.

Overfull \hbox (1.71672pt too wide) in paragraph at lines 1069--1070
[][]
 []

<Figures/centralities/values/deg_inhib.png, id=257, 722.7pt x 578.16pt>
File: Figures/centralities/values/deg_inhib.png Graphic file (type png)

<use Figures/centralities/values/deg_inhib.png>
Package pdftex.def Info: Figures/centralities/values/deg_inhib.png used on inpu
t line 1074.
(pdftex.def)             Requested size: 170.71672pt x 113.80379pt.

Overfull \hbox (35.51878pt too wide) in paragraph at lines 1074--1075
[][]
 []


LaTeX Warning: No positions in optional float specifier.
               Default added (so using `tbp') on input line 1083.

<Figures/centralities/values/bw_steep.png, id=258, 722.7pt x 578.16pt>
File: Figures/centralities/values/bw_steep.png Graphic file (type png)

<use Figures/centralities/values/bw_steep.png>
Package pdftex.def Info: Figures/centralities/values/bw_steep.png used on input
 line 1087.
(pdftex.def)             Requested size: 170.71672pt x 113.80379pt.

Overfull \hbox (1.71672pt too wide) in paragraph at lines 1087--1088
[][]
 []

<Figures/centralities/values/bw_inhib.png, id=259, 722.7pt x 578.16pt>
File: Figures/centralities/values/bw_inhib.png Graphic file (type png)

<use Figures/centralities/values/bw_inhib.png>
Package pdftex.def Info: Figures/centralities/values/bw_inhib.png used on input
 line 1092.
(pdftex.def)             Requested size: 170.71672pt x 113.80379pt.

Overfull \hbox (35.51878pt too wide) in paragraph at lines 1092--1093
[][]
 []

<Figures/likelihood/log_likelihood.png, id=260, 1517.67pt x 861.4584pt>
File: Figures/likelihood/log_likelihood.png Graphic file (type png)

<use Figures/likelihood/log_likelihood.png>
Package pdftex.def Info: Figures/likelihood/log_likelihood.png used on input li
ne 1106.
(pdftex.def)             Requested size: 227.61752pt x 142.2528pt.


LaTeX Warning: `!h' float specifier changed to `!ht'.

[28] [29 <./Figures/motif_temporal_plots/gt/steep/tmcg_steep_M4.png> <./Figures
/motif_temporal_plots/gt/inhib/tmcg_inhib_M4.png> <./Figures/motif_temporal_plo
ts/gt/steep/tmcg_steep_M13.png> <./Figures/motif_temporal_plots/gt/inhib/tmcg_i
nhib_M13.png> <./Figures/motif_temporal_plots/lt/steep/tmcl_steep_M3.png> <./Fi
gures/motif_temporal_plots/lt/inhib/tmcl_inhib_M3.png> <./Figures/motif_tempora
l_plots/lt/steep/tmcl_steep_M13.png> <./Figures/motif_temporal_plots/lt/inhib/t
mcl_inhib_M13.png>] [30 <./Figures/centralities/values/pr_steep.png> <./Figures
/centralities/values/pr_inhib.png> <./Figures/centralities/values/cc_steep.png>
 <./Figures/centralities/values/cc_inhib.png>] [31 <./Figures/centralities/valu
es/entropy_steep.png> <./Figures/centralities/values/entropy_inhib.png> <./Figu
res/centralities/values/deg_steep.png> <./Figures/centralities/values/deg_inhib
.png> <./Figures/centralities/values/bw_steep.png> <./Figures/centralities/valu
es/bw_inhib.png>] [32 <./Figures/likelihood/log_likelihood.png>]

LaTeX Warning: No positions in optional float specifier.
               Default added (so using `tbp') on input line 1130.

<Figures/centralities/changes/pr_steep.png, id=296, 722.7pt x 578.16pt>
File: Figures/centralities/changes/pr_steep.png Graphic file (type png)

<use Figures/centralities/changes/pr_steep.png>
Package pdftex.def Info: Figures/centralities/changes/pr_steep.png used on inpu
t line 1134.
(pdftex.def)             Requested size: 170.71672pt x 113.80379pt.

Overfull \hbox (1.71672pt too wide) in paragraph at lines 1134--1135
[][]
 []

<Figures/centralities/changes/pr_inhib.png, id=297, 722.7pt x 578.16pt>
File: Figures/centralities/changes/pr_inhib.png Graphic file (type png)

<use Figures/centralities/changes/pr_inhib.png>
Package pdftex.def Info: Figures/centralities/changes/pr_inhib.png used on inpu
t line 1139.
(pdftex.def)             Requested size: 170.71672pt x 113.80379pt.

Overfull \hbox (35.51878pt too wide) in paragraph at lines 1139--1140
[][]
 []


LaTeX Warning: No positions in optional float specifier.
               Default added (so using `tbp') on input line 1148.

<Figures/centralities/changes/cc_steep.png, id=298, 722.7pt x 578.16pt>
File: Figures/centralities/changes/cc_steep.png Graphic file (type png)

<use Figures/centralities/changes/cc_steep.png>
Package pdftex.def Info: Figures/centralities/changes/cc_steep.png used on inpu
t line 1152.
(pdftex.def)             Requested size: 170.71672pt x 113.80379pt.

Overfull \hbox (1.71672pt too wide) in paragraph at lines 1152--1153
[][]
 []

<Figures/centralities/changes/cc_inhib.png, id=299, 722.7pt x 578.16pt>
File: Figures/centralities/changes/cc_inhib.png Graphic file (type png)

<use Figures/centralities/changes/cc_inhib.png>
Package pdftex.def Info: Figures/centralities/changes/cc_inhib.png used on inpu
t line 1157.
(pdftex.def)             Requested size: 170.71672pt x 113.80379pt.

Overfull \hbox (35.51878pt too wide) in paragraph at lines 1157--1158
[][]
 []


LaTeX Warning: No positions in optional float specifier.
               Default added (so using `tbp') on input line 1166.

<Figures/centralities/changes/entropy_steep.png, id=300, 722.7pt x 578.16pt>
File: Figures/centralities/changes/entropy_steep.png Graphic file (type png)

<use Figures/centralities/changes/entropy_steep.png>
Package pdftex.def Info: Figures/centralities/changes/entropy_steep.png used on
 input line 1170.
(pdftex.def)             Requested size: 170.71672pt x 113.80379pt.

Overfull \hbox (1.71672pt too wide) in paragraph at lines 1170--1171
[][]
 []

<Figures/centralities/changes/entropy_inhib.png, id=301, 722.7pt x 578.16pt>
File: Figures/centralities/changes/entropy_inhib.png Graphic file (type png)

<use Figures/centralities/changes/entropy_inhib.png>
Package pdftex.def Info: Figures/centralities/changes/entropy_inhib.png used on
 input line 1175.
(pdftex.def)             Requested size: 170.71672pt x 113.80379pt.

Overfull \hbox (35.51878pt too wide) in paragraph at lines 1175--1176
[][]
 []


LaTeX Warning: No positions in optional float specifier.
               Default added (so using `tbp') on input line 1183.

<Figures/centralities/changes/deg_steep.png, id=302, 722.7pt x 578.16pt>
File: Figures/centralities/changes/deg_steep.png Graphic file (type png)

<use Figures/centralities/changes/deg_steep.png>
Package pdftex.def Info: Figures/centralities/changes/deg_steep.png used on inp
ut line 1187.
(pdftex.def)             Requested size: 170.71672pt x 113.80379pt.

Overfull \hbox (1.71672pt too wide) in paragraph at lines 1187--1188
[][]
 []

<Figures/centralities/changes/deg_inhib.png, id=303, 722.7pt x 578.16pt>
File: Figures/centralities/changes/deg_inhib.png Graphic file (type png)

<use Figures/centralities/changes/deg_inhib.png>
Package pdftex.def Info: Figures/centralities/changes/deg_inhib.png used on inp
ut line 1192.
(pdftex.def)             Requested size: 170.71672pt x 113.80379pt.

Overfull \hbox (35.51878pt too wide) in paragraph at lines 1192--1193
[][]
 []


LaTeX Warning: No positions in optional float specifier.
               Default added (so using `tbp') on input line 1200.

<Figures/centralities/changes/bw_steep.png, id=304, 722.7pt x 578.16pt>
File: Figures/centralities/changes/bw_steep.png Graphic file (type png)

<use Figures/centralities/changes/bw_steep.png>
Package pdftex.def Info: Figures/centralities/changes/bw_steep.png used on inpu
t line 1204.
(pdftex.def)             Requested size: 170.71672pt x 113.80379pt.

Overfull \hbox (1.71672pt too wide) in paragraph at lines 1204--1205
[][]
 []

<Figures/centralities/changes/bw_inhib.png, id=305, 722.7pt x 578.16pt>
File: Figures/centralities/changes/bw_inhib.png Graphic file (type png)

<use Figures/centralities/changes/bw_inhib.png>
Package pdftex.def Info: Figures/centralities/changes/bw_inhib.png used on inpu
t line 1209.
(pdftex.def)             Requested size: 170.71672pt x 113.80379pt.

Overfull \hbox (35.51878pt too wide) in paragraph at lines 1209--1210
[][]
 []

[33 <./Figures/centralities/changes/pr_steep.png> <./Figures/centralities/chang
es/pr_inhib.png> <./Figures/centralities/changes/cc_steep.png> <./Figures/centr
alities/changes/cc_inhib.png>] [34 <./Figures/centralities/changes/entropy_stee
p.png> <./Figures/centralities/changes/entropy_inhib.png> <./Figures/centraliti
es/changes/deg_steep.png> <./Figures/centralities/changes/deg_inhib.png> <./Fig
ures/centralities/changes/bw_steep.png> <./Figures/centralities/changes/bw_inhi
b.png>]

Package caption Warning: \label without proper reference on input line 1065.
See the caption package documentation for explanation.


LaTeX Warning: Reference `fig:deg_ent' on page 35 undefined on input line 1222.



Package caption Warning: \label without proper reference on input line 1047.
See the caption package documentation for explanation.


LaTeX Warning: Reference `fig:cc' on page 35 undefined on input line 1224.

[35] <Figures/causality/p_values.png, id=325, 867.24pt x 578.16pt>
File: Figures/causality/p_values.png Graphic file (type png)

<use Figures/causality/p_values.png>
Package pdftex.def Info: Figures/causality/p_values.png used on input line 1239
.
(pdftex.def)             Requested size: 170.70569pt x 113.80379pt.

Overfull \hbox (1.70569pt too wide) in paragraph at lines 1239--1240
[][] 
 []

<Figures/causality/statistic_values.png, id=326, 867.24pt x 578.16pt>
File: Figures/causality/statistic_values.png Graphic file (type png)

<use Figures/causality/statistic_values.png>
Package pdftex.def Info: Figures/causality/statistic_values.png used on input l
ine 1243.
(pdftex.def)             Requested size: 170.70569pt x 113.80379pt.

Overfull \hbox (35.50775pt too wide) in paragraph at lines 1243--1244
[][] 
 []

<Figures/causality/bar_plot.png, id=327, 493.24275pt x 246.32025pt>
File: Figures/causality/bar_plot.png Graphic file (type png)

<use Figures/causality/bar_plot.png>
Package pdftex.def Info: Figures/causality/bar_plot.png used on input line 1251
.
(pdftex.def)             Requested size: 312.9874pt x 142.26447pt.
 [36 <./Figures/causality/p_values.png> <./Figures/causality/statistic_values.p
ng> <./Figures/causality/bar_plot.png>]
Overfull \hbox (14.83183pt too wide) in paragraph at lines 1260--1261
\OT1/cmr/m/n/10 Young In-ves-ti-ga-tor Pro-gram (YIP) grant FA9550-15-1-0159, A
RO grant W911NF-
 []


Underfull \hbox (badness 10000) in paragraph at lines 1271--1273

 []


Underfull \hbox (badness 10000) in paragraph at lines 1281--1282

 []

<Figures/reaction.png, id=333, 1730.8665pt x 951.7959pt>
File: Figures/reaction.png Graphic file (type png)

<use Figures/reaction.png>
Package pdftex.def Info: Figures/reaction.png used on input line 1286.
(pdftex.def)             Requested size: 199.1643pt x 85.35294pt.

Underfull \vbox (badness 10000) has occurred while \output is active []

 [37]
[38 <./Figures/reaction.png>]
Underfull \hbox (badness 10000) in paragraph at lines 1311--1313

 []


Underfull \hbox (badness 10000) in paragraph at lines 1314--1316

 []


Underfull \vbox (badness 5893) has occurred while \output is active []

 [39]
<Figures/wrong_points_1.png, id=345, 1227.58624pt x 717.68124pt>
File: Figures/wrong_points_1.png Graphic file (type png)

<use Figures/wrong_points_1.png>
Package pdftex.def Info: Figures/wrong_points_1.png used on input line 1335.
(pdftex.def)             Requested size: 142.2465pt x 85.35146pt.

Overfull \hbox (40.84547pt too wide) in paragraph at lines 1335--1336
[][]
 []

<Figures/wrong_points_2.png, id=346, 916.42375pt x 560.0925pt>
File: Figures/wrong_points_2.png Graphic file (type png)

<use Figures/wrong_points_2.png>
Package pdftex.def Info: Figures/wrong_points_2.png used on input line 1340.
(pdftex.def)             Requested size: 142.25397pt x 85.35202pt.

Overfull \hbox (40.85294pt too wide) in paragraph at lines 1340--1341
[][]
 []

[40 <./Figures/wrong_points_1.png> <./Figures/wrong_points_2.png>]
<Figures/growth_freq.png, id=352, 1445.4pt x 867.24pt>
File: Figures/growth_freq.png Graphic file (type png)

<use Figures/growth_freq.png>
Package pdftex.def Info: Figures/growth_freq.png used on input line 1354.
(pdftex.def)             Requested size: 142.25475pt x 85.35284pt.

Overfull \hbox (40.85371pt too wide) in paragraph at lines 1354--1355
[][]
 []

<Figures/time_diff_freq.png, id=353, 1445.4pt x 867.24pt>
File: Figures/time_diff_freq.png Graphic file (type png)

<use Figures/time_diff_freq.png>
Package pdftex.def Info: Figures/time_diff_freq.png used on input line 1359.
(pdftex.def)             Requested size: 142.25475pt x 85.35284pt.

Overfull \hbox (40.85371pt too wide) in paragraph at lines 1359--1360
[][]
 []


Underfull \hbox (badness 10000) in paragraph at lines 1375--1378

 []


Underfull \hbox (badness 10000) in paragraph at lines 1379--1382

 []

[41 <./Figures/growth_freq.png> <./Figures/time_diff_freq.png>]
<Figures/alpha_parameter/growth.png, id=359, 434.8245pt x 252.34274pt>
File: Figures/alpha_parameter/growth.png Graphic file (type png)

<use Figures/alpha_parameter/growth.png>
Package pdftex.def Info: Figures/alpha_parameter/growth.png used on input line 
1389.
(pdftex.def)             Requested size: 142.26506pt x 85.36029pt.

Overfull \hbox (40.86403pt too wide) in paragraph at lines 1389--1390
[][]
 []

<Figures/alpha_parameter/time_gap.png, id=360, 436.029pt x 243.91125pt>
File: Figures/alpha_parameter/time_gap.png Graphic file (type png)

<use Figures/alpha_parameter/time_gap.png>
Package pdftex.def Info: Figures/alpha_parameter/time_gap.png used on input lin
e 1394.
(pdftex.def)             Requested size: 142.26662pt x 85.35904pt.

Overfull \hbox (40.86559pt too wide) in paragraph at lines 1394--1395
[][]
 []

[42 <./Figures/alpha_parameter/growth.png> <./Figures/alpha_parameter/time_gap.
png>]
Missing character: There is no  in font cmr8!
Missing character: There is no  in font cmr8!
Missing character: There is no  in font cmr8!
Missing character: There is no  in font cmr8!
Missing character: There is no  in font cmr8!
Missing character: There is no  in font cmr8!
Missing character: There is no  in font cmr8!
Missing character: There is no  in font cmr8!
Missing character: There is no  in font cmr8!
 [43] [44] (template.aux)

LaTeX Warning: There were undefined references.


LaTeX Warning: There were multiply-defined labels.

 ) 
Here is how much of TeX's memory you used:
 6352 strings out of 493334
 105274 string characters out of 3136663
 176721 words of memory out of 3000000
 9784 multiletter control sequences out of 15000+200000
 14478 words of font info for 53 fonts, out of 3000000 for 9000
 1141 hyphenation exceptions out of 8191
 42i,17n,40p,1973b,477s stack positions out of 5000i,500n,10000p,200000b,50000s
<C:/Program Files (x86)/MiKTeX 2.9/fonts/type1/public/amsfonts/cm/cmbsy10.pfb
><C:/Program Files (x86)/MiKTeX 2.9/fonts/type1/public/amsfonts/cm/cmbx10.pfb><
C:/Program Files (x86)/MiKTeX 2.9/fonts/type1/public/amsfonts/cm/cmbx12.pfb><C:
/Program Files (x86)/MiKTeX 2.9/fonts/type1/public/amsfonts/cm/cmbx7.pfb><C:/Pr
ogram Files (x86)/MiKTeX 2.9/fonts/type1/public/amsfonts/cm/cmbx8.pfb><C:/Progr
am Files (x86)/MiKTeX 2.9/fonts/type1/public/amsfonts/cm/cmbxti10.pfb><C:/Progr
am Files (x86)/MiKTeX 2.9/fonts/type1/public/amsfonts/cm/cmcsc10.pfb><C:/Progra
m Files (x86)/MiKTeX 2.9/fonts/type1/public/amsfonts/cm/cmex10.pfb><C:/Program 
Files (x86)/MiKTeX 2.9/fonts/type1/public/amsfonts/cmextra/cmex7.pfb><C:/Progra
m Files (x86)/MiKTeX 2.9/fonts/type1/public/amsfonts/cm/cmmi10.pfb><C:/Program 
Files (x86)/MiKTeX 2.9/fonts/type1/public/amsfonts/cm/cmmi5.pfb><C:/Program Fil
es (x86)/MiKTeX 2.9/fonts/type1/public/amsfonts/cm/cmmi6.pfb><C:/Program Files 
(x86)/MiKTeX 2.9/fonts/type1/public/amsfonts/cm/cmmi7.pfb><C:/Program Files (x8
6)/MiKTeX 2.9/fonts/type1/public/amsfonts/cm/cmmi8.pfb><C:/Program Files (x86)/
MiKTeX 2.9/fonts/type1/public/amsfonts/cm/cmr10.pfb><C:/Program Files (x86)/MiK
TeX 2.9/fonts/type1/public/amsfonts/cm/cmr5.pfb><C:/Program Files (x86)/MiKTeX 
2.9/fonts/type1/public/amsfonts/cm/cmr6.pfb><C:/Program Files (x86)/MiKTeX 2.9/
fonts/type1/public/amsfonts/cm/cmr7.pfb><C:/Program Files (x86)/MiKTeX 2.9/font
s/type1/public/amsfonts/cm/cmr8.pfb><C:/Program Files (x86)/MiKTeX 2.9/fonts/ty
pe1/public/amsfonts/cm/cmsy10.pfb><C:/Program Files (x86)/MiKTeX 2.9/fonts/type
1/public/amsfonts/cm/cmsy5.pfb><C:/Program Files (x86)/MiKTeX 2.9/fonts/type1/p
ublic/amsfonts/cm/cmsy7.pfb><C:/Program Files (x86)/MiKTeX 2.9/fonts/type1/publ
ic/amsfonts/cm/cmsy8.pfb><C:/Program Files (x86)/MiKTeX 2.9/fonts/type1/public/
amsfonts/cm/cmti10.pfb><C:/Program Files (x86)/MiKTeX 2.9/fonts/type1/public/am
sfonts/cm/cmti8.pfb><C:/Program Files (x86)/MiKTeX 2.9/fonts/type1/public/amsfo
nts/symbols/msbm10.pfb>
Output written on template.pdf (44 pages, 4609019 bytes).
PDF statistics:
 453 PDF objects out of 1000 (max. 8388607)
 0 named destinations out of 1000 (max. 500000)
 516 words of extra memory for PDF output out of 10000 (max. 10000000)

